# JRE version: Java(TM) SE Runtime Environment (8.0_65-b17) (build 1.8.0_65-b17)
# Java VM: Java HotSpot(TM) 64-Bit Server VM (25.65-b01 mixed mode bsd-amd64 compressed oops)
Heap:
 PSYoungGen      total 76800K, used 17819K [0x00000007aab00000, 0x00000007b1200000, 0x00000007c0000000)
  eden space 66048K, 26% used [0x00000007aab00000,0x00000007abc66dd8,0x00000007aeb80000)
  from space 10752K, 0% used [0x00000007af580000,0x00000007af580000,0x00000007b0000000)
  to   space 10240K, 0% used [0x00000007aeb80000,0x00000007aeb80000,0x00000007af580000)
 ParOldGen       total 58880K, used 12786K [0x0000000780000000, 0x0000000783980000, 0x00000007aab00000)
  object space 58880K, 21% used [0x0000000780000000,0x0000000780c7c898,0x0000000783980000)
 Metaspace       used 37773K, capacity 38042K, committed 38312K, reserved 1083392K
  class space    used 4945K, capacity 5010K, committed 5032K, reserved 1048576K
GC Heap History (10 events):
Event: 1.820 GC heap before
{Heap before GC invocations=6 (full 1):
 PSYoungGen      total 35328K, used 2554K [0x00000007aab00000, 0x00000007af800000, 0x00000007c0000000)
  eden space 32768K, 0% used [0x00000007aab00000,0x00000007aab00000,0x00000007acb00000)
  from space 2560K, 99% used [0x00000007acb00000,0x00000007acd7ea00,0x00000007acd80000)
  to   space 6656K, 0% used [0x00000007af180000,0x00000007af180000,0x00000007af800000)
 ParOldGen       total 44032K, used 14420K [0x0000000780000000, 0x0000000782b00000, 0x00000007aab00000)
  object space 44032K, 32% used [0x0000000780000000,0x0000000780e15170,0x0000000782b00000)
 Metaspace       used 21014K, capacity 21198K, committed 21296K, reserved 1067008K
  class space    used 2801K, capacity 2832K, committed 2864K, reserved 1048576K
Event: 1.880 GC heap after
Heap after GC invocations=6 (full 1):
 PSYoungGen      total 35328K, used 0K [0x00000007aab00000, 0x00000007af800000, 0x00000007c0000000)
  eden space 32768K, 0% used [0x00000007aab00000,0x00000007aab00000,0x00000007acb00000)
  from space 2560K, 0% used [0x00000007acb00000,0x00000007acb00000,0x00000007acd80000)
  to   space 6656K, 0% used [0x00000007af180000,0x00000007af180000,0x00000007af800000)
 ParOldGen       total 37888K, used 8459K [0x0000000780000000, 0x0000000782500000, 0x00000007aab00000)
  object space 37888K, 22% used [0x0000000780000000,0x0000000780842e38,0x0000000782500000)
 Metaspace       used 21014K, capacity 21198K, committed 21296K, reserved 1067008K
  class space    used 2801K, capacity 2832K, committed 2864K, reserved 1048576K
}
Event: 2.978 GC heap before
{Heap before GC invocations=7 (full 1):
 PSYoungGen      total 35328K, used 32768K [0x00000007aab00000, 0x00000007af800000, 0x00000007c0000000)
  eden space 32768K, 100% used [0x00000007aab00000,0x00000007acb00000,0x00000007acb00000)
  from space 2560K, 0% used [0x00000007acb00000,0x00000007acb00000,0x00000007acd80000)
  to   space 6656K, 0% used [0x00000007af180000,0x00000007af180000,0x00000007af800000)
 ParOldGen       total 37888K, used 8459K [0x0000000780000000, 0x0000000782500000, 0x00000007aab00000)
  object space 37888K, 22% used [0x0000000780000000,0x0000000780842e38,0x0000000782500000)
 Metaspace       used 28070K, capacity 28310K, committed 28592K, reserved 1075200K
  class space    used 3640K, capacity 3728K, committed 3760K, reserved 1048576K
Event: 2.992 GC heap after
Heap after GC invocations=7 (full 1):
 PSYoungGen      total 53248K, used 6629K [0x00000007aab00000, 0x00000007af800000, 0x00000007c0000000)
  eden space 46592K, 0% used [0x00000007aab00000,0x00000007aab00000,0x00000007ad880000)
  from space 6656K, 99% used [0x00000007af180000,0x00000007af7f9648,0x00000007af800000)
  to   space 7680K, 0% used [0x00000007ae900000,0x00000007ae900000,0x00000007af080000)
 ParOldGen       total 37888K, used 9074K [0x0000000780000000, 0x0000000782500000, 0x00000007aab00000)
  object space 37888K, 23% used [0x0000000780000000,0x00000007808dcb28,0x0000000782500000)
 Metaspace       used 28070K, capacity 28310K, committed 28592K, reserved 1075200K
  class space    used 3640K, capacity 3728K, committed 3760K, reserved 1048576K
}
Event: 4.122 GC heap before
{Heap before GC invocations=8 (full 1):
 PSYoungGen      total 53248K, used 53221K [0x00000007aab00000, 0x00000007af800000, 0x00000007c0000000)
  eden space 46592K, 100% used [0x00000007aab00000,0x00000007ad880000,0x00000007ad880000)
  from space 6656K, 99% used [0x00000007af180000,0x00000007af7f9648,0x00000007af800000)
  to   space 7680K, 0% used [0x00000007ae900000,0x00000007ae900000,0x00000007af080000)
 ParOldGen       total 37888K, used 9074K [0x0000000780000000, 0x0000000782500000, 0x00000007aab00000)
  object space 37888K, 23% used [0x0000000780000000,0x00000007808dcb28,0x0000000782500000)
 Metaspace       used 34691K, capacity 34982K, committed 35120K, reserved 1079296K
  class space    used 4553K, capacity 4648K, committed 4656K, reserved 1048576K
Event: 4.142 GC heap after
Heap after GC invocations=8 (full 1):
 PSYoungGen      total 71168K, used 7675K [0x00000007aab00000, 0x00000007b0000000, 0x00000007c0000000)
  eden space 63488K, 0% used [0x00000007aab00000,0x00000007aab00000,0x00000007ae900000)
  from space 7680K, 99% used [0x00000007ae900000,0x00000007af07ec30,0x00000007af080000)
  to   space 10752K, 0% used [0x00000007af580000,0x00000007af580000,0x00000007b0000000)
 ParOldGen       total 37888K, used 13778K [0x0000000780000000, 0x0000000782500000, 0x00000007aab00000)
  object space 37888K, 36% used [0x0000000780000000,0x0000000780d74858,0x0000000782500000)
 Metaspace       used 34691K, capacity 34982K, committed 35120K, reserved 1079296K
  class space    used 4553K, capacity 4648K, committed 4656K, reserved 1048576K
}
Event: 10.608 GC heap before
{Heap before GC invocations=9 (full 1):
 PSYoungGen      total 71168K, used 12775K [0x00000007aab00000, 0x00000007b0000000, 0x00000007c0000000)
  eden space 63488K, 8% used [0x00000007aab00000,0x00000007aaffb1b0,0x00000007ae900000)
  from space 7680K, 99% used [0x00000007ae900000,0x00000007af07ec30,0x00000007af080000)
  to   space 10752K, 0% used [0x00000007af580000,0x00000007af580000,0x00000007b0000000)
 ParOldGen       total 37888K, used 13778K [0x0000000780000000, 0x0000000782500000, 0x00000007aab00000)
  object space 37888K, 36% used [0x0000000780000000,0x0000000780d74858,0x0000000782500000)
 Metaspace       used 35078K, capacity 35354K, committed 35496K, reserved 1079296K
  class space    used 4615K, capacity 4690K, committed 4776K, reserved 1048576K
Event: 10.618 GC heap after
Heap after GC invocations=9 (full 1):
 PSYoungGen      total 76800K, used 7088K [0x00000007aab00000, 0x00000007b1200000, 0x00000007c0000000)
  eden space 66048K, 0% used [0x00000007aab00000,0x00000007aab00000,0x00000007aeb80000)
  from space 10752K, 65% used [0x00000007af580000,0x00000007afc6c090,0x00000007b0000000)
  to   space 10240K, 0% used [0x00000007aeb80000,0x00000007aeb80000,0x00000007af580000)
 ParOldGen       total 37888K, used 13786K [0x0000000780000000, 0x0000000782500000, 0x00000007aab00000)
  object space 37888K, 36% used [0x0000000780000000,0x0000000780d76858,0x0000000782500000)
 Metaspace       used 35078K, capacity 35354K, committed 35496K, reserved 1079296K
  class space    used 4615K, capacity 4690K, committed 4776K, reserved 1048576K
}
Event: 10.618 GC heap before
{Heap before GC invocations=10 (full 2):
 PSYoungGen      total 76800K, used 7088K [0x00000007aab00000, 0x00000007b1200000, 0x00000007c0000000)
  eden space 66048K, 0% used [0x00000007aab00000,0x00000007aab00000,0x00000007aeb80000)
  from space 10752K, 65% used [0x00000007af580000,0x00000007afc6c090,0x00000007b0000000)
  to   space 10240K, 0% used [0x00000007aeb80000,0x00000007aeb80000,0x00000007af580000)
 ParOldGen       total 37888K, used 13786K [0x0000000780000000, 0x0000000782500000, 0x00000007aab00000)
  object space 37888K, 36% used [0x0000000780000000,0x0000000780d76858,0x0000000782500000)
 Metaspace       used 35078K, capacity 35354K, committed 35496K, reserved 1079296K
  class space    used 4615K, capacity 4690K, committed 4776K, reserved 1048576K
Event: 10.706 GC heap after
Heap after GC invocations=10 (full 2):
 PSYoungGen      total 76800K, used 0K [0x00000007aab00000, 0x00000007b1200000, 0x00000007c0000000)
  eden space 66048K, 0% used [0x00000007aab00000,0x00000007aab00000,0x00000007aeb80000)
  from space 10752K, 0% used [0x00000007af580000,0x00000007af580000,0x00000007b0000000)
  to   space 10240K, 0% used [0x00000007aeb80000,0x00000007aeb80000,0x00000007af580000)
 ParOldGen       total 58880K, used 12786K [0x0000000780000000, 0x0000000783980000, 0x00000007aab00000)
  object space 58880K, 21% used [0x0000000780000000,0x0000000780c7c898,0x0000000783980000)
 Metaspace       used 35078K, capacity 35354K, committed 35496K, reserved 1079296K
  class space    used 4615K, capacity 4690K, committed 4776K, reserved 1048576K
}

